<?xml version="1.0" encoding="UTF-8"?>
<testsuite xmlns:xsi="http://www.w3.org/2001/XMLSchema-instance" xsi:noNamespaceSchemaLocation="https://maven.apache.org/surefire/maven-surefire-plugin/xsd/surefire-test-report.xsd" name="uk.ac.qub.eeecs.dave.CalculatorTest" time="0.025" tests="2" errors="0" skipped="0" failures="1">
  <properties>
[...]
</properties>
  <testcase name="testAdd" classname="uk.ac.qub.eeecs.dave.CalculatorTest" time="0.019">
    <failure message="expected: &lt;12&gt; but was: &lt;11&gt;" type="org.opentest4j.AssertionFailedError"><![CDATA[org.opentest4j.AssertionFailedError: expected: <12> but was: <11>
	at uk.ac.qub.eeecs.dave.CalculatorTest.testAdd(CalculatorTest.java:12)
]]></failure>
  </testcase>
  <testcase name="testSub" classname="uk.ac.qub.eeecs.dave.CalculatorTest" time="0.001"/>
</testsuite>