-------------------------------------------------------------------------------
Test set: uk.ac.qub.eeecs.dave.CalculatorTest
-------------------------------------------------------------------------------
Tests run: 2, Failures: 1, Errors: 0, Skipped: 0, Time elapsed: 0.025 s <<< FAILURE! - in uk.ac.qub.eeecs.dave.CalculatorTest
testAdd  Time elapsed: 0.019 s  <<< FAILURE!
org.opentest4j.AssertionFailedError: expected: <12> but was: <11>
	at uk.ac.qub.eeecs.dave.CalculatorTest.testAdd(CalculatorTest.java:12)

